#
# There is insufficient memory for the Java Runtime Environment to continue.
# Native memory allocation (malloc) failed to allocate 647056 bytes for Chunk::new
# Possible reasons:
#   The system is out of physical RAM or swap space
#   In 32 bit mode, the process size limit was hit
# Possible solutions:
#   Reduce memory load on the system
#   Increase physical memory or swap space
#   Check if swap backing store is full
#   Use 64 bit Java on a 64 bit OS
#   Decrease Java heap size (-Xmx/-Xms)
#   Decrease number of Java threads
#   Decrease Java thread stack sizes (-Xss)
#   Set larger code cache with -XX:ReservedCodeCacheSize=
# This output file may be truncated or incomplete.
#
#  Out of Memory Error (allocation.cpp:390), pid=7184, tid=0x00000000000013c0
#
# JRE version: Java(TM) SE Runtime Environment (8.0_101-b13) (build 1.8.0_101-b13)
# Java VM: Java HotSpot(TM) 64-Bit Server VM (25.101-b13 mixed mode windows-amd64 compressed oops)
# Failed to write core dump. Minidumps are not enabled by default on client versions of Windows
#

---------------  T H R E A D  ---------------

Current thread (0x000000001503a000):  JavaThread "C2 CompilerThread0" daemon [_thread_in_native, id=5056, stack(0x0000000016670000,0x0000000016770000)]

Stack: [0x0000000016670000,0x0000000016770000]
[error occurred during error reporting (printing stack bounds), id 0xc0000005]

Native frames: (J=compiled Java code, j=interpreted, Vv=VM code, C=native code)


Current CompileTask:
C2:  15263 2268       4       com.android.dx.dex.code.DalvCode::finishProcessingIfNecessary (69 bytes)


---------------  P R O C E S S  ---------------

Java Threads: ( => current thread )
  0x0000000016c73000 JavaThread "pool-1-thread-1" [_thread_in_Java, id=6804, stack(0x0000000016f70000,0x0000000017070000)]
  0x0000000016976000 JavaThread "Service Thread" daemon [_thread_blocked, id=10188, stack(0x0000000016d70000,0x0000000016e70000)]
  0x000000001508e000 JavaThread "C1 CompilerThread2" daemon [_thread_blocked, id=1556, stack(0x0000000016870000,0x0000000016970000)]
  0x0000000015032800 JavaThread "C2 CompilerThread1" daemon [_thread_blocked, id=4168, stack(0x0000000016770000,0x0000000016870000)]
=>0x000000001503a000 JavaThread "C2 CompilerThread0" daemon [_thread_in_native, id=5056, stack(0x0000000016670000,0x0000000016770000)]
  0x0000000015036800 JavaThread "Attach Listener" daemon [_thread_blocked, id=3524, stack(0x0000000016570000,0x0000000016670000)]
  0x0000000015035000 JavaThread "Signal Dispatcher" daemon [_thread_blocked, id=5444, stack(0x0000000016470000,0x0000000016570000)]
  0x000000000295a800 JavaThread "Finalizer" daemon [_thread_blocked, id=7248, stack(0x0000000016290000,0x0000000016390000)]
  0x0000000014ff9000 JavaThread "Reference Handler" daemon [_thread_blocked, id=9204, stack(0x0000000016190000,0x0000000016290000)]
  0x0000000002860800 JavaThread "main" [_thread_blocked, id=7672, stack(0x00000000026f0000,0x00000000027f0000)]

Other Threads:
  0x0000000014ff7800 VMThread [stack: 0x0000000016090000,0x0000000016190000] [id=536]
  0x0000000016983800 WatcherThread [stack: 0x0000000016e70000,0x0000000016f70000] [id=7800]

VM state:not at safepoint (normal execution)

VM Mutex/Monitor currently owned by a thread: None

Heap:
 PSYoungGen      total 68096K, used 31126K [0x00000000eab00000, 0x00000000ef000000, 0x0000000100000000)
  eden space 65536K, 43% used [0x00000000eab00000,0x00000000ec6eda08,0x00000000eeb00000)
  from space 2560K, 98% used [0x00000000eed80000,0x00000000eeff8010,0x00000000ef000000)
  to   space 2560K, 0% used [0x00000000eeb00000,0x00000000eeb00000,0x00000000eed80000)
 ParOldGen       total 44032K, used 12983K [0x00000000c0000000, 0x00000000c2b00000, 0x00000000eab00000)
  object space 44032K, 29% used [0x00000000c0000000,0x00000000c0cade28,0x00000000c2b00000)
 Metaspace       used 6730K, capacity 7544K, committed 7680K, reserved 1056768K
  class space    used 626K, capacity 688K, committed 768K, reserved 1048576K

Card table byte_map: [0x0000000011d20000,0x0000000011f30000] byte_map_base: 0x0000000011720000

Marking Bits: (ParMarkBitMap*) 0x00000000625fa6d0
 Begin Bits: [0x0000000012490000, 0x0000000013490000)
 End Bits:   [0x0000000013490000, 0x0000000014490000)

Polling page: 0x0000000000f10000

CodeCache: size=245760Kb used=9666Kb max_used=9680Kb free=236093Kb
 bounds [0x0000000002960000, 0x00000000032e0000, 0x0000000011960000]
 total_blobs=2530 nmethods=2259 adapters=183
 compilation: enabled

Compilation events (10 events):
Event: 15.173 Thread 0x000000001508e000 nmethod 2284 0x00000000032d6010 code [0x00000000032d61a0, 0x00000000032d6498]
Event: 15.173 Thread 0x000000001508e000 2285       3       com.android.dx.dex.file.Section::getAbsoluteOffset (38 bytes)
Event: 15.173 Thread 0x000000001508e000 nmethod 2285 0x00000000032d6590 code [0x00000000032d6720, 0x00000000032d6a58]
Event: 15.173 Thread 0x000000001508e000 2279       3       com.android.dx.util.ByteArrayAnnotatedOutput::annotates (13 bytes)
Event: 15.173 Thread 0x000000001508e000 nmethod 2279 0x00000000032d6b90 code [0x00000000032d6ce0, 0x00000000032d6e90]
Event: 15.173 Thread 0x000000001508e000 2277       1       com.android.dx.rop.cst.CstArray::getList (5 bytes)
Event: 15.173 Thread 0x000000001508e000 nmethod 2277 0x00000000032d6f10 code [0x00000000032d7060, 0x00000000032d7170]
Event: 15.199 Thread 0x0000000015032800 nmethod 2271 0x00000000032db110 code [0x00000000032db340, 0x00000000032dc5a0]
Event: 15.199 Thread 0x0000000015032800 2275       4       com.android.dx.util.ByteArrayAnnotatedOutput::writeUleb128 (34 bytes)
Event: 15.205 Thread 0x0000000015032800 nmethod 2275 0x00000000032d7cd0 code [0x00000000032d7e20, 0x00000000032d8078]

GC Heap History (8 events):
Event: 2.276 GC heap before
{Heap before GC invocations=1 (full 0):
 PSYoungGen      total 18944K, used 16384K [0x00000000eab00000, 0x00000000ec000000, 0x0000000100000000)
  eden space 16384K, 100% used [0x00000000eab00000,0x00000000ebb00000,0x00000000ebb00000)
  from space 2560K, 0% used [0x00000000ebd80000,0x00000000ebd80000,0x00000000ec000000)
  to   space 2560K, 0% used [0x00000000ebb00000,0x00000000ebb00000,0x00000000ebd80000)
 ParOldGen       total 44032K, used 0K [0x00000000c0000000, 0x00000000c2b00000, 0x00000000eab00000)
  object space 44032K, 0% used [0x00000000c0000000,0x00000000c0000000,0x00000000c2b00000)
 Metaspace       used 5504K, capacity 6448K, committed 6528K, reserved 1056768K
  class space    used 593K, capacity 616K, committed 640K, reserved 1048576K
Event: 2.374 GC heap after
Heap after GC invocations=1 (full 0):
 PSYoungGen      total 18944K, used 2544K [0x00000000eab00000, 0x00000000ed000000, 0x0000000100000000)
  eden space 16384K, 0% used [0x00000000eab00000,0x00000000eab00000,0x00000000ebb00000)
  from space 2560K, 99% used [0x00000000ebb00000,0x00000000ebd7c030,0x00000000ebd80000)
  to   space 2560K, 0% used [0x00000000ecd80000,0x00000000ecd80000,0x00000000ed000000)
 ParOldGen       total 44032K, used 732K [0x00000000c0000000, 0x00000000c2b00000, 0x00000000eab00000)
  object space 44032K, 1% used [0x00000000c0000000,0x00000000c00b7140,0x00000000c2b00000)
 Metaspace       used 5504K, capacity 6448K, committed 6528K, reserved 1056768K
  class space    used 593K, capacity 616K, committed 640K, reserved 1048576K
}
Event: 3.224 GC heap before
{Heap before GC invocations=2 (full 0):
 PSYoungGen      total 18944K, used 18928K [0x00000000eab00000, 0x00000000ed000000, 0x0000000100000000)
  eden space 16384K, 100% used [0x00000000eab00000,0x00000000ebb00000,0x00000000ebb00000)
  from space 2560K, 99% used [0x00000000ebb00000,0x00000000ebd7c030,0x00000000ebd80000)
  to   space 2560K, 0% used [0x00000000ecd80000,0x00000000ecd80000,0x00000000ed000000)
 ParOldGen       total 44032K, used 732K [0x00000000c0000000, 0x00000000c2b00000, 0x00000000eab00000)
  object space 44032K, 1% used [0x00000000c0000000,0x00000000c00b7140,0x00000000c2b00000)
 Metaspace       used 5939K, capacity 6834K, committed 7040K, reserved 1056768K
  class space    used 597K, capacity 618K, committed 640K, reserved 1048576K
Event: 4.171 GC heap after
Heap after GC invocations=2 (full 0):
 PSYoungGen      total 35328K, used 2538K [0x00000000eab00000, 0x00000000ed000000, 0x0000000100000000)
  eden space 32768K, 0% used [0x00000000eab00000,0x00000000eab00000,0x00000000ecb00000)
  from space 2560K, 99% used [0x00000000ecd80000,0x00000000ecffaa90,0x00000000ed000000)
  to   space 2560K, 0% used [0x00000000ecb00000,0x00000000ecb00000,0x00000000ecd80000)
 ParOldGen       total 44032K, used 2428K [0x00000000c0000000, 0x00000000c2b00000, 0x00000000eab00000)
  object space 44032K, 5% used [0x00000000c0000000,0x00000000c025f288,0x00000000c2b00000)
 Metaspace       used 5939K, capacity 6834K, committed 7040K, reserved 1056768K
  class space    used 597K, capacity 618K, committed 640K, reserved 1048576K
}
Event: 6.854 GC heap before
{Heap before GC invocations=3 (full 0):
 PSYoungGen      total 35328K, used 35306K [0x00000000eab00000, 0x00000000ed000000, 0x0000000100000000)
  eden space 32768K, 100% used [0x00000000eab00000,0x00000000ecb00000,0x00000000ecb00000)
  from space 2560K, 99% used [0x00000000ecd80000,0x00000000ecffaa90,0x00000000ed000000)
  to   space 2560K, 0% used [0x00000000ecb00000,0x00000000ecb00000,0x00000000ecd80000)
 ParOldGen       total 44032K, used 2428K [0x00000000c0000000, 0x00000000c2b00000, 0x00000000eab00000)
  object space 44032K, 5% used [0x00000000c0000000,0x00000000c025f288,0x00000000c2b00000)
 Metaspace       used 6267K, capacity 7090K, committed 7296K, reserved 1056768K
  class space    used 604K, capacity 618K, committed 640K, reserved 1048576K
Event: 7.066 GC heap after
Heap after GC invocations=3 (full 0):
 PSYoungGen      total 35328K, used 2528K [0x00000000eab00000, 0x00000000ef000000, 0x0000000100000000)
  eden space 32768K, 0% used [0x00000000eab00000,0x00000000eab00000,0x00000000ecb00000)
  from space 2560K, 98% used [0x00000000ecb00000,0x00000000ecd78030,0x00000000ecd80000)
  to   space 2560K, 0% used [0x00000000eed80000,0x00000000eed80000,0x00000000ef000000)
 ParOldGen       total 44032K, used 7752K [0x00000000c0000000, 0x00000000c2b00000, 0x00000000eab00000)
  object space 44032K, 17% used [0x00000000c0000000,0x00000000c07921f0,0x00000000c2b00000)
 Metaspace       used 6267K, capacity 7090K, committed 7296K, reserved 1056768K
  class space    used 604K, capacity 618K, committed 640K, reserved 1048576K
}
Event: 9.264 GC heap before
{Heap before GC invocations=4 (full 0):
 PSYoungGen      total 35328K, used 35296K [0x00000000eab00000, 0x00000000ef000000, 0x0000000100000000)
  eden space 32768K, 100% used [0x00000000eab00000,0x00000000ecb00000,0x00000000ecb00000)
  from space 2560K, 98% used [0x00000000ecb00000,0x00000000ecd78030,0x00000000ecd80000)
  to   space 2560K, 0% used [0x00000000eed80000,0x00000000eed80000,0x00000000ef000000)
 ParOldGen       total 44032K, used 7752K [0x00000000c0000000, 0x00000000c2b00000, 0x00000000eab00000)
  object space 44032K, 17% used [0x00000000c0000000,0x00000000c07921f0,0x00000000c2b00000)
 Metaspace       used 6332K, capacity 7154K, committed 7296K, reserved 1056768K
  class space    used 604K, capacity 618K, committed 640K, reserved 1048576K
Event: 9.934 GC heap after
Heap after GC invocations=4 (full 0):
 PSYoungGen      total 68096K, used 2528K [0x00000000eab00000, 0x00000000ef000000, 0x0000000100000000)
  eden space 65536K, 0% used [0x00000000eab00000,0x00000000eab00000,0x00000000eeb00000)
  from space 2560K, 98% used [0x00000000eed80000,0x00000000eeff8010,0x00000000ef000000)
  to   space 2560K, 0% used [0x00000000eeb00000,0x00000000eeb00000,0x00000000eed80000)
 ParOldGen       total 44032K, used 12983K [0x00000000c0000000, 0x00000000c2b00000, 0x00000000eab00000)
  object space 44032K, 29% used [0x00000000c0000000,0x00000000c0cade28,0x00000000c2b00000)
 Metaspace       used 6332K, capacity 7154K, committed 7296K, reserved 1056768K
  class space    used 604K, capacity 618K, committed 640K, reserved 1048576K
}

Deoptimization events (10 events):
Event: 12.410 Thread 0x0000000016c73000 Uncommon trap: reason=bimorphic action=maybe_recompile pc=0x00000000031a3b30 method=java.util.HashMap.putVal(ILjava/lang/Object;Ljava/lang/Object;ZZ)Ljava/lang/Object; @ 203
Event: 12.410 Thread 0x0000000016c73000 Uncommon trap: reason=bimorphic action=maybe_recompile pc=0x00000000031a3b30 method=java.util.HashMap.putVal(ILjava/lang/Object;Ljava/lang/Object;ZZ)Ljava/lang/Object; @ 203
Event: 12.410 Thread 0x0000000016c73000 Uncommon trap: reason=bimorphic action=maybe_recompile pc=0x00000000031a4f10 method=java.util.HashMap.putVal(ILjava/lang/Object;Ljava/lang/Object;ZZ)Ljava/lang/Object; @ 203
Event: 13.466 Thread 0x0000000016c73000 Uncommon trap: reason=speculate_class_check action=maybe_recompile pc=0x0000000002ce8a24 method=com.android.dx.util.FixedSizeList.equals(Ljava/lang/Object;)Z @ 25
Event: 13.466 Thread 0x0000000016c73000 Uncommon trap: reason=speculate_class_check action=maybe_recompile pc=0x0000000002ce8a24 method=com.android.dx.util.FixedSizeList.equals(Ljava/lang/Object;)Z @ 25
Event: 13.466 Thread 0x0000000016c73000 Uncommon trap: reason=speculate_class_check action=maybe_recompile pc=0x0000000002ce8a24 method=com.android.dx.util.FixedSizeList.equals(Ljava/lang/Object;)Z @ 25
Event: 13.466 Thread 0x0000000016c73000 Uncommon trap: reason=speculate_class_check action=maybe_recompile pc=0x0000000002ce8a24 method=com.android.dx.util.FixedSizeList.equals(Ljava/lang/Object;)Z @ 25
Event: 13.656 Thread 0x0000000016c73000 Uncommon trap: reason=unstable_if action=reinterpret pc=0x000000000321b730 method=com.android.dx.dex.code.OutputFinisher.findOpcodeForInsn(Lcom/android/dx/dex/code/DalvInsn;Lcom/android/dx/dex/code/Dop;)Lcom/android/dx/dex/code/Dop; @ 1
Event: 13.707 Thread 0x0000000016c73000 Uncommon trap: reason=unstable_if action=reinterpret pc=0x0000000003082d88 method=java.util.TreeMap.put(Ljava/lang/Object;Ljava/lang/Object;)Ljava/lang/Object; @ 163
Event: 14.052 Thread 0x0000000016c73000 Uncommon trap: reason=unstable_if action=reinterpret pc=0x0000000003263484 method=com.android.dx.dex.code.LocalList$MakeState.aboutToProcess(II)V @ 54

Internal exceptions (2 events):
Event: 0.213 Thread 0x0000000002860800 Exception <a 'java/lang/NoSuchMethodError': Method sun.misc.Unsafe.defineClass(Ljava/lang/String;[BII)Ljava/lang/Class; name or signature does not match> (0x00000000eab07cc0) thrown at [C:\re\workspace\8-2-build-windows-amd64-cygwin\jdk8u101\7261\hotspot\s&SCË?
Event: 0.213 Thread 0x0000000002860800 Exception <a 'java/lang/NoSuchMethodError': Method sun.misc.Unsafe.prefetchRead(Ljava/lang/Object;J)V name or signature does not match> (0x00000000eab07fa8) thrown at [C:\re\workspace\8-2-build-windows-amd64-cygwin\jdk8u101\7261\hotspot\src\share\vm\prims\

Events (10 events):
Event: 14.553 Thread 0x0000000016c73000 DEOPT PACKING pc=0x00000000032050e8 sp=0x000000001706ece0
Event: 14.553 Thread 0x0000000016c73000 DEOPT UNPACKING pc=0x00000000029a787f sp=0x000000001706eb28 mode 0
Event: 14.604 loading class com/android/dx/dex/file/DebugInfoEncoder
Event: 14.604 loading class com/android/dx/dex/file/DebugInfoEncoder done
Event: 15.115 loading class com/android/dx/dex/file/DebugInfoEncoder$1
Event: 15.115 loading class com/android/dx/dex/file/DebugInfoEncoder$1 done
Event: 15.116 loading class com/android/dx/dex/file/DebugInfoEncoder$2
Event: 15.116 loading class com/android/dx/dex/file/DebugInfoEncoder$2 done
Event: 15.155 loading class com/android/dex/EncodedValueCodec
Event: 15.155 loading class com/android/dex/EncodedValueCodec done


Dynamic libraries:
0x00007ff63eb90000 - 0x00007ff63ebc7000 	C:\Program Files\Java\jdk1.8.0_101\bin\java.exe
0x00007ff9a9a80000 - 0x00007ff9a9c2d000 	C:\Windows\SYSTEM32\ntdll.dll
0x00007ff9a7540000 - 0x00007ff9a767a000 	C:\Windows\system32\KERNEL32.DLL
0x00007ff9a6f20000 - 0x00007ff9a7035000 	C:\Windows\system32\KERNELBASE.dll
0x00007ff9a57f0000 - 0x00007ff9a5878000 	C:\Windows\system32\apphelp.dll
0x00007ff997020000 - 0x00007ff99706f000 	C:\Windows\AppPatch\AppPatch64\AcGenral.DLL
0x00007ff9a98b0000 - 0x00007ff9a9957000 	C:\Windows\system32\msvcrt.dll
0x00007ff9a69f0000 - 0x00007ff9a6a1b000 	C:\Windows\SYSTEM32\SspiCli.dll
0x00007ff9a9a20000 - 0x00007ff9a9a71000 	C:\Windows\system32\SHLWAPI.dll
0x00007ff9a8f20000 - 0x00007ff9a9097000 	C:\Windows\system32\USER32.dll
0x00007ff9a8d80000 - 0x00007ff9a8f14000 	C:\Windows\system32\ole32.dll
0x00007ff9a7790000 - 0x00007ff9a8cbb000 	C:\Windows\system32\SHELL32.dll
0x00007ff9a61f0000 - 0x00007ff9a620e000 	C:\Windows\SYSTEM32\USERENV.dll
0x00007ff9a8cc0000 - 0x00007ff9a8d6a000 	C:\Windows\system32\ADVAPI32.dll
0x00007ff99f6c0000 - 0x00007ff99f6db000 	C:\Windows\SYSTEM32\MPR.dll
0x00007ff9a90a0000 - 0x00007ff9a91e1000 	C:\Windows\system32\RPCRT4.dll
0x00007ff9a9850000 - 0x00007ff9a98a9000 	C:\Windows\SYSTEM32\sechost.dll
0x00007ff9a72c0000 - 0x00007ff9a74d1000 	C:\Windows\SYSTEM32\combase.dll
0x00007ff9a91f0000 - 0x00007ff9a9340000 	C:\Windows\system32\GDI32.dll
0x00007ff9a6c20000 - 0x00007ff9a6c34000 	C:\Windows\SYSTEM32\profapi.dll
0x00007ff9a5480000 - 0x00007ff9a551f000 	C:\Windows\SYSTEM32\SHCORE.dll
0x00007ff9a7750000 - 0x00007ff9a7784000 	C:\Windows\system32\IMM32.DLL
0x00007ff9a7160000 - 0x00007ff9a72b2000 	C:\Windows\system32\MSCTF.dll
0x00007ff9a4d70000 - 0x00007ff9a4feb000 	C:\Windows\WinSxS\amd64_microsoft.windows.common-controls_6595b64144ccf1df_6.0.9600.18006_none_623f33d3ecbe86e8\COMCTL32.dll
0x0000000061950000 - 0x0000000061a22000 	C:\Program Files\Java\jdk1.8.0_101\jre\bin\msvcr100.dll
0x0000000061de0000 - 0x000000006267a000 	C:\Program Files\Java\jdk1.8.0_101\jre\bin\server\jvm.dll
0x00007ff99ed60000 - 0x00007ff99ed69000 	C:\Windows\SYSTEM32\WSOCK32.dll
0x00007ff9a57b0000 - 0x00007ff9a57cf000 	C:\Windows\SYSTEM32\WINMM.dll
0x00007ff9a3ef0000 - 0x00007ff9a3efa000 	C:\Windows\SYSTEM32\VERSION.dll
0x00007ff9a9340000 - 0x00007ff9a9347000 	C:\Windows\system32\PSAPI.DLL
0x00007ff9a74e0000 - 0x00007ff9a7538000 	C:\Windows\system32\WS2_32.dll
0x00007ff9a5630000 - 0x00007ff9a565a000 	C:\Windows\SYSTEM32\WINMMBASE.dll
0x00007ff9a7140000 - 0x00007ff9a7149000 	C:\Windows\system32\NSI.dll
0x00007ff9a7040000 - 0x00007ff9a708a000 	C:\Windows\SYSTEM32\cfgmgr32.dll
0x00007ff9a5a50000 - 0x00007ff9a5a76000 	C:\Windows\SYSTEM32\DEVOBJ.dll
0x0000000061dd0000 - 0x0000000061ddf000 	C:\Program Files\Java\jdk1.8.0_101\jre\bin\verify.dll
0x0000000061da0000 - 0x0000000061dc9000 	C:\Program Files\Java\jdk1.8.0_101\jre\bin\java.dll
0x0000000061d80000 - 0x0000000061d96000 	C:\Program Files\Java\jdk1.8.0_101\jre\bin\zip.dll

VM Arguments:
jvm_args: -Djava.awt.headless=true -Xmx1024M -Dfile.encoding=windows-1252 -Duser.country=US -Duser.language=en -Duser.variant 
java_command: com.android.dx.command.Main --dex --force-jumbo --num-threads=4 --multi-dex --output D:\Kelas XI\PPB\AndroidStudioProjects\Wayangku-ProjectPPB-001\app\build\intermediates\transforms\dex\debug\folders\1000\10\internal_impl-23.3.0_e1d91983fda8ffb68483be7b6ddacec78aa8d814 D:\Kelas XI\PPB\AndroidStudioProjects\Wayangku-ProjectPPB-001\app\build\intermediates\exploded-aar\com.android.support\support-v4\23.3.0\jars\libs\internal_impl-23.3.0.jar
java_class_path (initial): C:\Users\-asus-\AppData\Local\Android\sdk\build-tools\23.0.3\lib\dx.jar
Launcher Type: SUN_STANDARD

Environment Variables:
PATH=C:\Program Files\Java\jdk1.8.0_101\bin;C:\Program Files (x86)\Skype\Phone\
USERNAME=-asus-
OS=Windows_NT
PROCESSOR_IDENTIFIER=Intel64 Family 6 Model 61 Stepping 4, GenuineIntel



---------------  S Y S T E M  ---------------

OS: Windows 8.1 , 64 bit Build 9600 (6.3.9600.17056)

CPU:total 4 (2 cores per cpu, 2 threads per core) family 6 model 61 stepping 4, cmov, cx8, fxsr, mmx, sse, sse2, sse3, ssse3, sse4.1, sse4.2, popcnt, avx, avx2, aes, clmul, erms, 3dnowpref, lzcnt, ht, tsc, tscinvbit, bmi1, bmi2, adx

Memory: 4k page, physical 4091692k(400304k free), swap 7237420k(18540k free)

vm_info: Java HotSpot(TM) 64-Bit Server VM (25.101-b13) for windows-amd64 JRE (1.8.0_101-b13), built on Jun 22 2016 01:21:29 by "java_re" with MS VC++ 10.0 (VS2010)

time: Wed Nov 23 13:12:57 2016
elapsed time: 15 seconds (0d 0h 0m 15s)

