#
# There is insufficient memory for the Java Runtime Environment to continue.
# Native memory allocation (malloc) failed to allocate 32744 bytes for ChunkPool::allocate
# Possible reasons:
#   The system is out of physical RAM or swap space
#   In 32 bit mode, the process size limit was hit
# Possible solutions:
#   Reduce memory load on the system
#   Increase physical memory or swap space
#   Check if swap backing store is full
#   Use 64 bit Java on a 64 bit OS
#   Decrease Java heap size (-Xmx/-Xms)
#   Decrease number of Java threads
#   Decrease Java thread stack sizes (-Xss)
#   Set larger code cache with -XX:ReservedCodeCacheSize=
# This output file may be truncated or incomplete.
#
#  Out of Memory Error (allocation.cpp:273), pid=2560, tid=0x00000000000015bc
#
# JRE version: Java(TM) SE Runtime Environment (8.0_101-b13) (build 1.8.0_101-b13)
# Java VM: Java HotSpot(TM) 64-Bit Server VM (25.101-b13 mixed mode windows-amd64 compressed oops)
# Failed to write core dump. Minidumps are not enabled by default on client versions of Windows
#

---------------  T H R E A D  ---------------

Current thread (0x0000000016b90800):  JavaThread "C1 CompilerThread2" daemon [_thread_in_native, id=5564, stack(0x0000000016f90000,0x0000000017090000)]

Stack: [0x0000000016f90000,0x0000000017090000]
[error occurred during error reporting (printing stack bounds), id 0xc0000005]

Native frames: (J=compiled Java code, j=interpreted, Vv=VM code, C=native code)


Current CompileTask:
C1:   2442 1303       3       com.android.dx.cf.code.Frame::mergeWith (80 bytes)


---------------  P R O C E S S  ---------------

Java Threads: ( => current thread )
  0x0000000016e42000 JavaThread "pool-2-thread-4" [_thread_blocked, id=3928, stack(0x0000000017690000,0x0000000017790000)]
  0x0000000016e41000 JavaThread "pool-2-thread-3" [_thread_blocked, id=4972, stack(0x0000000017590000,0x0000000017690000)]
  0x0000000016e40800 JavaThread "pool-2-thread-2" [_thread_in_vm, id=8236, stack(0x0000000017490000,0x0000000017590000)]
  0x0000000016e3d800 JavaThread "pool-3-thread-1" [_thread_blocked, id=6100, stack(0x0000000017390000,0x0000000017490000)]
  0x0000000016e1e000 JavaThread "pool-2-thread-1" [_thread_in_vm, id=10184, stack(0x0000000017290000,0x0000000017390000)]
  0x0000000016b95800 JavaThread "Service Thread" daemon [_thread_blocked, id=9956, stack(0x0000000017090000,0x0000000017190000)]
=>0x0000000016b90800 JavaThread "C1 CompilerThread2" daemon [_thread_in_native, id=5564, stack(0x0000000016f90000,0x0000000017090000)]
  0x0000000015478800 JavaThread "C2 CompilerThread1" daemon [_thread_in_native, id=3592, stack(0x0000000016a90000,0x0000000016b90000)]
  0x0000000015419800 JavaThread "C2 CompilerThread0" daemon [_thread_in_native, id=6940, stack(0x0000000016990000,0x0000000016a90000)]
  0x0000000015427000 JavaThread "Attach Listener" daemon [_thread_blocked, id=4976, stack(0x0000000016890000,0x0000000016990000)]
  0x0000000015425800 JavaThread "Signal Dispatcher" daemon [_thread_blocked, id=6860, stack(0x0000000016790000,0x0000000016890000)]
  0x0000000002c5a800 JavaThread "Finalizer" daemon [_thread_blocked, id=2484, stack(0x0000000016690000,0x0000000016790000)]
  0x00000000153e9000 JavaThread "Reference Handler" daemon [_thread_blocked, id=6556, stack(0x0000000016590000,0x0000000016690000)]
  0x0000000002b60800 JavaThread "main" [_thread_in_Java, id=9968, stack(0x00000000029e0000,0x0000000002ae0000)]

Other Threads:
  0x00000000153e7800 VMThread [stack: 0x0000000016490000,0x0000000016590000] [id=4224]
  0x0000000016bb2800 WatcherThread [stack: 0x0000000017190000,0x0000000017290000] [id=7812]

VM state:not at safepoint (normal execution)

VM Mutex/Monitor currently owned by a thread: None

Heap:
 PSYoungGen      total 35328K, used 12790K [0x00000000eab00000, 0x00000000ed000000, 0x0000000100000000)
  eden space 32768K, 31% used [0x00000000eab00000,0x00000000eb505480,0x00000000ecb00000)
  from space 2560K, 98% used [0x00000000ecd80000,0x00000000ecff8518,0x00000000ed000000)
  to   space 2560K, 0% used [0x00000000ecb00000,0x00000000ecb00000,0x00000000ecd80000)
 ParOldGen       total 44032K, used 3184K [0x00000000c0000000, 0x00000000c2b00000, 0x00000000eab00000)
  object space 44032K, 7% used [0x00000000c0000000,0x00000000c031c048,0x00000000c2b00000)
 Metaspace       used 6090K, capacity 6962K, committed 7040K, reserved 1056768K
  class space    used 604K, capacity 618K, committed 640K, reserved 1048576K

Card table byte_map: [0x0000000012110000,0x0000000012320000] byte_map_base: 0x0000000011b10000

Marking Bits: (ParMarkBitMap*) 0x00000000625fa6d0
 Begin Bits: [0x0000000012880000, 0x0000000013880000)
 End Bits:   [0x0000000013880000, 0x0000000014880000)

Polling page: 0x0000000002ae0000

CodeCache: size=245760Kb used=5234Kb max_used=5234Kb free=240525Kb
 bounds [0x0000000002d50000, 0x0000000003280000, 0x0000000011d50000]
 total_blobs=1561 nmethods=1292 adapters=182
 compilation: enabled

Compilation events (10 events):
Event: 2.431 Thread 0x0000000016b90800 nmethod 1298 0x00000000032663d0 code [0x00000000032665a0, 0x0000000003266e18]
Event: 2.433 Thread 0x0000000016b90800 1299       3       com.android.dx.ssa.back.FirstFitLocalCombiningAllocator::handleNormalUnassociated (99 bytes)
Event: 2.434 Thread 0x0000000016b90800 nmethod 1299 0x000000000326c110 code [0x000000000326c3c0, 0x000000000326d778]
Event: 2.435 Thread 0x0000000016b90800 1300       3       com.android.dx.rop.code.LocalVariableExtractor::doit (49 bytes)
Event: 2.436 Thread 0x0000000016b90800 nmethod 1300 0x0000000003265b50 code [0x0000000003265ce0, 0x0000000003266198]
Event: 2.436 Thread 0x0000000016b90800 1301       3       com.android.dx.dex.code.BlockAddresses::setupArrays (113 bytes)
Event: 2.438 Thread 0x0000000016b90800 nmethod 1301 0x000000000326e210 code [0x000000000326e4c0, 0x000000000326ff18]
Event: 2.438 Thread 0x0000000016b90800 1302       3       com.android.dx.dex.code.RopTranslator::outputInstructions (69 bytes)
Event: 2.438 Thread 0x0000000016b90800 nmethod 1302 0x0000000003270d50 code [0x0000000003270ee0, 0x0000000003271338]
Event: 2.440 Thread 0x0000000016b90800 1303       3       com.android.dx.cf.code.Frame::mergeWith (80 bytes)

GC Heap History (4 events):
Event: 1.146 GC heap before
{Heap before GC invocations=1 (full 0):
 PSYoungGen      total 18944K, used 16384K [0x00000000eab00000, 0x00000000ec000000, 0x0000000100000000)
  eden space 16384K, 100% used [0x00000000eab00000,0x00000000ebb00000,0x00000000ebb00000)
  from space 2560K, 0% used [0x00000000ebd80000,0x00000000ebd80000,0x00000000ec000000)
  to   space 2560K, 0% used [0x00000000ebb00000,0x00000000ebb00000,0x00000000ebd80000)
 ParOldGen       total 44032K, used 0K [0x00000000c0000000, 0x00000000c2b00000, 0x00000000eab00000)
  object space 44032K, 0% used [0x00000000c0000000,0x00000000c0000000,0x00000000c2b00000)
 Metaspace       used 5538K, capacity 6512K, committed 6784K, reserved 1056768K
  class space    used 599K, capacity 616K, committed 640K, reserved 1048576K
Event: 1.228 GC heap after
Heap after GC invocations=1 (full 0):
 PSYoungGen      total 18944K, used 2555K [0x00000000eab00000, 0x00000000ed000000, 0x0000000100000000)
  eden space 16384K, 0% used [0x00000000eab00000,0x00000000eab00000,0x00000000ebb00000)
  from space 2560K, 99% used [0x00000000ebb00000,0x00000000ebd7edd0,0x00000000ebd80000)
  to   space 2560K, 0% used [0x00000000ecd80000,0x00000000ecd80000,0x00000000ed000000)
 ParOldGen       total 44032K, used 926K [0x00000000c0000000, 0x00000000c2b00000, 0x00000000eab00000)
  object space 44032K, 2% used [0x00000000c0000000,0x00000000c00e7820,0x00000000c2b00000)
 Metaspace       used 5538K, capacity 6512K, committed 6784K, reserved 1056768K
  class space    used 599K, capacity 616K, committed 640K, reserved 1048576K
}
Event: 2.065 GC heap before
{Heap before GC invocations=2 (full 0):
 PSYoungGen      total 18944K, used 18939K [0x00000000eab00000, 0x00000000ed000000, 0x0000000100000000)
  eden space 16384K, 100% used [0x00000000eab00000,0x00000000ebb00000,0x00000000ebb00000)
  from space 2560K, 99% used [0x00000000ebb00000,0x00000000ebd7edd0,0x00000000ebd80000)
  to   space 2560K, 0% used [0x00000000ecd80000,0x00000000ecd80000,0x00000000ed000000)
 ParOldGen       total 44032K, used 926K [0x00000000c0000000, 0x00000000c2b00000, 0x00000000eab00000)
  object space 44032K, 2% used [0x00000000c0000000,0x00000000c00e7820,0x00000000c2b00000)
 Metaspace       used 5996K, capacity 6898K, committed 7040K, reserved 1056768K
  class space    used 604K, capacity 618K, committed 640K, reserved 1048576K
Event: 2.074 GC heap after
Heap after GC invocations=2 (full 0):
 PSYoungGen      total 35328K, used 2529K [0x00000000eab00000, 0x00000000ed000000, 0x0000000100000000)
  eden space 32768K, 0% used [0x00000000eab00000,0x00000000eab00000,0x00000000ecb00000)
  from space 2560K, 98% used [0x00000000ecd80000,0x00000000ecff8518,0x00000000ed000000)
  to   space 2560K, 0% used [0x00000000ecb00000,0x00000000ecb00000,0x00000000ecd80000)
 ParOldGen       total 44032K, used 3184K [0x00000000c0000000, 0x00000000c2b00000, 0x00000000eab00000)
  object space 44032K, 7% used [0x00000000c0000000,0x00000000c031c048,0x00000000c2b00000)
 Metaspace       used 5996K, capacity 6898K, committed 7040K, reserved 1056768K
  class space    used 604K, capacity 618K, committed 640K, reserved 1048576K
}

Deoptimization events (4 events):
Event: 0.630 Thread 0x0000000002b60800 Uncommon trap: reason=unstable_if action=reinterpret pc=0x0000000002ea5194 method=java.lang.String.compareTo(Ljava/lang/String;)I @ 38
Event: 1.666 Thread 0x0000000016e1e000 Uncommon trap: reason=null_check action=make_not_entrant pc=0x0000000003023fd0 method=com.android.dx.ssa.SsaRenamer.getLocalForNewReg(I)Lcom/android/dx/rop/code/LocalItem; @ 19
Event: 1.688 Thread 0x0000000016e41000 Uncommon trap: reason=unstable_if action=reinterpret pc=0x000000000307c4ac method=com.android.dx.rop.code.RegisterSpecSet.put(Lcom/android/dx/rop/code/RegisterSpec;)V @ 77
Event: 1.744 Thread 0x0000000016e40800 Uncommon trap: reason=unstable_if action=reinterpret pc=0x000000000304cbc4 method=com.android.dx.rop.code.RegisterSpec.equals(ILcom/android/dx/rop/type/TypeBearer;Lcom/android/dx/rop/code/LocalItem;)Z @ 42

Internal exceptions (3 events):
Event: 0.078 Thread 0x0000000002b60800 Exception <a 'java/lang/NoSuchMethodError': Method sun.misc.Unsafe.defineClass(Ljava/lang/String;[BII)Ljava/lang/Class; name or signature does not match> (0x00000000eab07cc0) thrown at [C:\re\workspace\8-2-build-windows-amd64-cygwin\jdk8u101\7261\hotspot\sÓÀl	!´?
Event: 0.079 Thread 0x0000000002b60800 Exception <a 'java/lang/NoSuchMethodError': Method sun.misc.Unsafe.prefetchRead(Ljava/lang/Object;J)V name or signature does not match> (0x00000000eab07fa8) thrown at [C:\re\workspace\8-2-build-windows-amd64-cygwin\jdk8u101\7261\hotspot\src\share\vm\prims\ªŠéB¦ú?
Event: 1.666 Thread 0x0000000016e1e000 Implicit null exception at 0x0000000003021e44 to 0x0000000003023f8d

Events (10 events):
Event: 1.692 loading class com/android/dx/dex/file/FieldAnnotationStruct done
Event: 1.693 loading class com/android/dx/cf/code/SwitchList
Event: 1.693 loading class com/android/dx/cf/code/SwitchList done
Event: 1.734 loading class java/util/DualPivotQuicksort
Event: 1.734 loading class java/util/DualPivotQuicksort done
Event: 1.744 Thread 0x0000000016e40800 Uncommon trap: trap_request=0xffffff65 fr.pc=0x000000000304cbc4
Event: 1.744 Thread 0x0000000016e40800 DEOPT PACKING pc=0x000000000304cbc4 sp=0x000000001758e6d0
Event: 1.744 Thread 0x0000000016e40800 DEOPT UNPACKING pc=0x0000000002d9582a sp=0x000000001758e658 mode 2
Event: 2.064 Executing VM operation: ParallelGCFailedAllocation
Event: 2.074 Executing VM operation: ParallelGCFailedAllocation done


Dynamic libraries:
0x00007ff63eb90000 - 0x00007ff63ebc7000 	C:\Program Files\Java\jdk1.8.0_101\bin\java.exe
0x00007ff9a9a80000 - 0x00007ff9a9c2d000 	C:\Windows\SYSTEM32\ntdll.dll
0x00007ff9a7540000 - 0x00007ff9a767a000 	C:\Windows\system32\KERNEL32.DLL
0x00007ff9a6f20000 - 0x00007ff9a7035000 	C:\Windows\system32\KERNELBASE.dll
0x00007ff9a57f0000 - 0x00007ff9a5878000 	C:\Windows\system32\apphelp.dll
0x00007ff997020000 - 0x00007ff99706f000 	C:\Windows\AppPatch\AppPatch64\AcGenral.DLL
0x00007ff9a98b0000 - 0x00007ff9a9957000 	C:\Windows\system32\msvcrt.dll
0x00007ff9a69f0000 - 0x00007ff9a6a1b000 	C:\Windows\SYSTEM32\SspiCli.dll
0x00007ff9a9a20000 - 0x00007ff9a9a71000 	C:\Windows\system32\SHLWAPI.dll
0x00007ff9a8f20000 - 0x00007ff9a9097000 	C:\Windows\system32\USER32.dll
0x00007ff9a8d80000 - 0x00007ff9a8f14000 	C:\Windows\system32\ole32.dll
0x00007ff9a7790000 - 0x00007ff9a8cbb000 	C:\Windows\system32\SHELL32.dll
0x00007ff9a61f0000 - 0x00007ff9a620e000 	C:\Windows\SYSTEM32\USERENV.dll
0x00007ff9a8cc0000 - 0x00007ff9a8d6a000 	C:\Windows\system32\ADVAPI32.dll
0x00007ff99f6c0000 - 0x00007ff99f6db000 	C:\Windows\SYSTEM32\MPR.dll
0x00007ff9a90a0000 - 0x00007ff9a91e1000 	C:\Windows\system32\RPCRT4.dll
0x00007ff9a9850000 - 0x00007ff9a98a9000 	C:\Windows\SYSTEM32\sechost.dll
0x00007ff9a72c0000 - 0x00007ff9a74d1000 	C:\Windows\SYSTEM32\combase.dll
0x00007ff9a91f0000 - 0x00007ff9a9340000 	C:\Windows\system32\GDI32.dll
0x00007ff9a6c20000 - 0x00007ff9a6c34000 	C:\Windows\SYSTEM32\profapi.dll
0x00007ff9a5480000 - 0x00007ff9a551f000 	C:\Windows\SYSTEM32\SHCORE.dll
0x00007ff9a7750000 - 0x00007ff9a7784000 	C:\Windows\system32\IMM32.DLL
0x00007ff9a7160000 - 0x00007ff9a72b2000 	C:\Windows\system32\MSCTF.dll
0x00007ff9a4d70000 - 0x00007ff9a4feb000 	C:\Windows\WinSxS\amd64_microsoft.windows.common-controls_6595b64144ccf1df_6.0.9600.18006_none_623f33d3ecbe86e8\COMCTL32.dll
0x0000000061950000 - 0x0000000061a22000 	C:\Program Files\Java\jdk1.8.0_101\jre\bin\msvcr100.dll
0x0000000061de0000 - 0x000000006267a000 	C:\Program Files\Java\jdk1.8.0_101\jre\bin\server\jvm.dll
0x00007ff99ed60000 - 0x00007ff99ed69000 	C:\Windows\SYSTEM32\WSOCK32.dll
0x00007ff9a57b0000 - 0x00007ff9a57cf000 	C:\Windows\SYSTEM32\WINMM.dll
0x00007ff9a3ef0000 - 0x00007ff9a3efa000 	C:\Windows\SYSTEM32\VERSION.dll
0x00007ff9a9340000 - 0x00007ff9a9347000 	C:\Windows\system32\PSAPI.DLL
0x00007ff9a74e0000 - 0x00007ff9a7538000 	C:\Windows\system32\WS2_32.dll
0x00007ff9a5630000 - 0x00007ff9a565a000 	C:\Windows\SYSTEM32\WINMMBASE.dll
0x00007ff9a7140000 - 0x00007ff9a7149000 	C:\Windows\system32\NSI.dll
0x00007ff9a7040000 - 0x00007ff9a708a000 	C:\Windows\SYSTEM32\cfgmgr32.dll
0x00007ff9a5a50000 - 0x00007ff9a5a76000 	C:\Windows\SYSTEM32\DEVOBJ.dll
0x0000000061dd0000 - 0x0000000061ddf000 	C:\Program Files\Java\jdk1.8.0_101\jre\bin\verify.dll
0x0000000061da0000 - 0x0000000061dc9000 	C:\Program Files\Java\jdk1.8.0_101\jre\bin\java.dll
0x0000000061d80000 - 0x0000000061d96000 	C:\Program Files\Java\jdk1.8.0_101\jre\bin\zip.dll

VM Arguments:
jvm_args: -Djava.awt.headless=true -Xmx1024M -Dfile.encoding=windows-1252 -Duser.country=US -Duser.language=en -Duser.variant 
java_command: com.android.dx.command.Main --dex --force-jumbo --num-threads=4 --multi-dex --output D:\Kelas XI\PPB\AndroidStudioProjects\Wayangku-ProjectPPB-001\app\build\intermediates\transforms\dex\debug\folders\1000\10\com.android.support-appcompat-v7-23.3.0_cf81e7a85885ac80fbc50fd115e70d3d88f467e5 D:\Kelas XI\PPB\AndroidStudioProjects\Wayangku-ProjectPPB-001\app\build\intermediates\exploded-aar\com.android.support\appcompat-v7\23.3.0\jars\classes.jar
java_class_path (initial): C:\Users\-asus-\AppData\Local\Android\sdk\build-tools\23.0.3\lib\dx.jar
Launcher Type: SUN_STANDARD

Environment Variables:
PATH=C:\Program Files\Java\jdk1.8.0_101\bin;C:\Program Files (x86)\Skype\Phone\
USERNAME=-asus-
OS=Windows_NT
PROCESSOR_IDENTIFIER=Intel64 Family 6 Model 61 Stepping 4, GenuineIntel



---------------  S Y S T E M  ---------------

OS: Windows 8.1 , 64 bit Build 9600 (6.3.9600.17056)

CPU:total 4 (2 cores per cpu, 2 threads per core) family 6 model 61 stepping 4, cmov, cx8, fxsr, mmx, sse, sse2, sse3, ssse3, sse4.1, sse4.2, popcnt, avx, avx2, aes, clmul, erms, 3dnowpref, lzcnt, ht, tsc, tscinvbit, bmi1, bmi2, adx

Memory: 4k page, physical 4091692k(564452k free), swap 7237420k(5244k free)

vm_info: Java HotSpot(TM) 64-Bit Server VM (25.101-b13) for windows-amd64 JRE (1.8.0_101-b13), built on Jun 22 2016 01:21:29 by "java_re" with MS VC++ 10.0 (VS2010)

time: Wed Nov 23 13:10:10 2016
elapsed time: 2 seconds (0d 0h 0m 2s)

